22:35,01:794 INFO    [ProcessingContext]: Using processing tool JAVAC
22:35,01:795 INFO    [ProcessingContext]: Using processing javac ProcessingEnvironment
22:35,01:795 INFO    [ProcessingContext]: Using source path null
22:35,01:795 INFO    [MainProcessor]: Using processing env juzu.impl.compiler.ProcessingContext
22:35,01:811 FINER   [ProcessingContext]: Resolved resolved resource location=SOURCE_OUTPUT pkg=juzu relativeName=metamodel.ser from filer
22:35,01:811 INFO    [MainProcessor]: Created new meta model
22:35,01:816 INFO    [ProcessingContext]: Loading services implementation of juzu.impl.plugin.module.metamodel.ModuleMetaModelPlugin
22:35,01:874 INFO    [ProcessingContext]: Using plugins: application
22:35,01:875 INFO    [ProcessingContext]: Loading services implementation of juzu.impl.plugin.application.metamodel.ApplicationMetaModelPlugin
22:35,01:918 INFO    [ProcessingContext]: Using plugins: controller template ajax asset binding router amd less webjars portlet
22:35,01:918 INFO    [ProcessingContext]: Plugin controller supports [juzu.Consumes, juzu.View, juzu.Action, juzu.Resource]
22:35,01:918 INFO    [ProcessingContext]: Plugin template supports [juzu.Path, juzu.template.Tags]
22:35,01:919 INFO    [ProcessingContext]: Plugin ajax supports [juzu.plugin.ajax.Ajax]
22:35,01:919 INFO    [ProcessingContext]: Plugin asset supports [juzu.plugin.asset.Stylesheets, juzu.plugin.asset.Scripts]
22:35,01:919 INFO    [ProcessingContext]: Plugin binding supports [juzu.plugin.binding.Bindings]
22:35,01:919 INFO    [ProcessingContext]: Plugin router supports [juzu.Route]
22:35,01:920 INFO    [ProcessingContext]: Plugin amd supports [juzu.plugin.amd.Modules]
22:35,01:921 INFO    [ProcessingContext]: Plugin less supports [juzu.plugin.less4j.Less]
22:35,01:921 INFO    [ProcessingContext]: Plugin webjars supports [juzu.plugin.webjars.WebJars]
22:35,01:922 INFO    [ProcessingContext]: Plugin portlet supports [juzu.plugin.portlet.Portlet]
22:35,01:922 INFO    [ProcessingContext]: Plugin application supports [juzu.Path, juzu.View, juzu.Action, juzu.plugin.binding.Bindings, juzu.plugin.asset.Stylesheets, juzu.Resource, juzu.plugin.less4j.Less, juzu.plugin.ajax.Ajax, juzu.Route, juzu.Consumes, juzu.Application, juzu.plugin.webjars.WebJars, juzu.plugin.portlet.Portlet, juzu.template.Tags, juzu.plugin.asset.Scripts, juzu.plugin.amd.Modules]
22:35,01:923 INFO    [MainProcessor]: Starting APT round #0
22:35,01:923 INFO    [MainProcessor]: Activating model
22:35,01:930 INFO    [ProcessingContext]: Loading services implementation of juzu.template.TagHandler
22:35,01:938 INFO    [ProcessingContext]: Loaded tag handler juzu.impl.tags.DecorateTag as decorate
22:35,01:938 INFO    [ProcessingContext]: Loaded tag handler juzu.impl.tags.IncludeTag as include
22:35,01:938 INFO    [ProcessingContext]: Loaded tag handler juzu.impl.tags.InsertTag as insert
22:35,01:938 INFO    [ProcessingContext]: Loaded tag handler juzu.impl.tags.ParamTag as param
22:35,01:939 INFO    [ProcessingContext]: Loaded tag handler juzu.impl.tags.TitleTag as title
22:35,01:939 INFO    [ProcessingContext]: Loading services implementation of juzu.impl.template.spi.TemplateProvider
22:35,01:946 INFO    [MainProcessor]: Processing elements for annotation for juzu.Path
22:35,01:947 INFO    [MainProcessor]: Processing element indexingManagement
22:35,01:952 INFO    [MainProcessor]: Processing elements for annotation for juzu.View
22:35,01:952 INFO    [MainProcessor]: Processing element index()
22:35,01:953 INFO    [MainProcessor]: Processing elements for annotation for juzu.Application
22:35,01:953 INFO    [MainProcessor]: Processing element org.exoplatform.search.portlet.indexing.management
22:35,01:955 INFO    [MainProcessor]: Processing elements for annotation for juzu.plugin.portlet.Portlet
22:35,01:955 INFO    [MainProcessor]: Processing element org.exoplatform.search.portlet.indexing.management
22:35,01:955 INFO    [MainProcessor]: Processing elements for annotation for juzu.plugin.less4j.Less
22:35,01:955 INFO    [MainProcessor]: Processing element org.exoplatform.search.portlet.indexing.management
22:35,01:956 INFO    [MainProcessor]: Processing elements for annotation for juzu.plugin.asset.Scripts
22:35,01:956 INFO    [MainProcessor]: Processing element org.exoplatform.search.portlet.indexing.management
22:35,01:956 INFO    [MainProcessor]: Process annotations
22:35,01:957 FINER   [ProcessingContext]: Annotation added AnnotationKey[annotated=ElementHandle.Field[type=org.exoplatform.search.portlet.indexing.management.IndexingManagementApplication,name=indexingManagement],type=juzu.Path]
22:35,01:958 FINER   [ProcessingContext]: Annotation added AnnotationKey[annotated=ElementHandle.Method[type=org.exoplatform.search.portlet.indexing.management.IndexingManagementApplication,name=index,parameterTypes[]],type=juzu.View]
22:35,01:958 FINER   [ProcessingContext]: Annotation added AnnotationKey[annotated=ElementHandle.Package[name=org.exoplatform.search.portlet.indexing.management],type=juzu.Application]
22:35,01:958 FINER   [ProcessingContext]: Annotation added AnnotationKey[annotated=ElementHandle.Package[name=org.exoplatform.search.portlet.indexing.management],type=juzu.plugin.portlet.Portlet]
22:35,01:958 FINER   [ProcessingContext]: Annotation added AnnotationKey[annotated=ElementHandle.Package[name=org.exoplatform.search.portlet.indexing.management],type=juzu.plugin.less4j.Less]
22:35,01:958 FINER   [ProcessingContext]: Annotation added AnnotationKey[annotated=ElementHandle.Package[name=org.exoplatform.search.portlet.indexing.management],type=juzu.plugin.asset.Scripts]
22:35,01:959 INFO    [ProcessingContext]: Trying to find a native file system for package org.exoplatform.search.portlet.indexing.management
22:35,01:960 INFO    [ProcessingContext]: Found package org.exoplatform.search.portlet.indexing.management annotations @juzu.Application(defaultController=org.exoplatform.search.portlet.indexing.management.IndexingManagementApplication.class),@juzu.plugin.portlet.Portlet,@juzu.plugin.asset.Scripts({@juzu.plugin.asset.Script(id="apiClient", value="scripts/rest/client/ApiClient.js"), @juzu.plugin.asset.Script(id="indexingOperationResource", value="scripts/rest/model/AnIndexingOperationResource.js"), @juzu.plugin.asset.Script(id="indexingConnectorResources", value="scripts/rest/model/AnIndexingConnectorResources.js"), @juzu.plugin.asset.Script(id="indexingManagementApi", value="scripts/rest/api/VindexingManagementApi.js"), @juzu.plugin.asset.Script(id="statController", value="scripts/app/controller/statController.js"), @juzu.plugin.asset.Script(id="connectorController", value="scripts/app/controller/connectorController.js"), @juzu.plugin.asset.Script(id="operationController", value="scripts/app/controller/operationController.js"), @juzu.plugin.asset.Script(id="appBroadcaster", value="scripts/app/broadcaster.js"), @juzu.plugin.asset.Script(id="main", value="scripts/app/main.js", depends={"statController", "connectorController", "operationController", "appBroadcaster"})}),@juzu.plugin.less4j.Less({@juzu.plugin.asset.Stylesheet(id="indexingManagement-less", value="styles/indexingManagement.less")}),@juzu.plugin.asset.Assets({"*"}) will use first one
22:35,01:969 INFO    [ProcessingContext]: Resolved uri file:/F:/cuong/TDT_TeamWord/MyProject/platform/extension/webapp/src/main/java/org/exoplatform/search/portlet/indexing/management/package-info.java for package org.exoplatform.search.portlet.indexing.management
22:35,01:984 INFO    [ProcessingContext]: Adding template ref org.exoplatform.search.portlet.indexing.management.IndexingManagementApplication#indexingManagement Path[/org/exoplatform/search/portlet/indexing/management/templates/indexingManagement.gtmpl]
22:35,01:988 FINER   [ProcessingContext]: Adding method index() to controller class ElementHandle.Class[name=org.exoplatform.search.portlet.indexing.management.IndexingManagementApplication]
22:35,01:989 FINER   [ProcessingContext]: Added method ElementHandle.Method[type=org.exoplatform.search.portlet.indexing.management.IndexingManagementApplication,name=index,parameterTypes[]] to controller class ElementHandle.Class[name=org.exoplatform.search.portlet.indexing.management.IndexingManagementApplication]
22:35,01:989 INFO    [ProcessingContext]: Found cached source path disk[F:\cuong\TDT_TeamWord\MyProject\platform\extension\webapp\src\main\java] for package org.exoplatform.search.portlet.indexing.management
22:35,01:989 INFO    [ProcessingContext]: Found cached source path disk[F:\cuong\TDT_TeamWord\MyProject\platform\extension\webapp\src\main\java] for package org.exoplatform.search.portlet.indexing.management
22:35,01:991 INFO    [ProcessingContext]: Found cached source path disk[F:\cuong\TDT_TeamWord\MyProject\platform\extension\webapp\src\main\java] for package org.exoplatform.search.portlet.indexing.management
22:35,01:992 INFO    [MainProcessor]: Post processing model
22:35,01:992 INFO    [MainProcessor]: Process events
22:35,01:992 INFO    [ProcessingContext]: Creating source file for name=org.exoplatform.search.portlet.indexing.management.Application elements=[org.exoplatform.search.portlet.indexing.management]
22:35,01:996 INFO    [ProcessingContext]: Generated application org.exoplatform.search.portlet.indexing.management.Application as file:/F:/cuong/TDT_TeamWord/MyProject/platform/extension/webapp/target/generated-sources/annotations/org/exoplatform/search/portlet/indexing/management/Application.java
22:35,01:997 INFO    [MainProcessor]: Post process events
22:35,01:998 INFO    [ProcessingContext]: Creating source file for name=org.exoplatform.search.portlet.indexing.management.IndexingManagementApplication_ elements=[org.exoplatform.search.portlet.indexing.management.IndexingManagementApplication]
22:35,02:002 INFO    [ProcessingContext]: Generated controller companion org.exoplatform.search.portlet.indexing.management.IndexingManagementApplication_ as file:/F:/cuong/TDT_TeamWord/MyProject/platform/extension/webapp/target/generated-sources/annotations/org/exoplatform/search/portlet/indexing/management/IndexingManagementApplication_.java
22:35,02:003 INFO    [ProcessingContext]: Processing templates of ElementHandle.Package[name=org.exoplatform.search.portlet.indexing.management]
22:35,02:007 INFO    [ProcessingContext]: Found cached source path disk[F:\cuong\TDT_TeamWord\MyProject\platform\extension\webapp\src\main\java] for package org.exoplatform.search.portlet.indexing.management
22:35,02:007 INFO    [ProcessingContext]: Attempt to resolve pkg=org.exoplatform.search.portlet.indexing.management.templates relativeName=indexingManagement.gtmpl from source path
22:35,02:008 INFO    [ProcessingContext]: Resolved pkg=org.exoplatform.search.portlet.indexing.management.templates relativeName=indexingManagement.gtmpl to F:\cuong\TDT_TeamWord\MyProject\platform\extension\webapp\src\main\java\org\exoplatform\search\portlet\indexing\management\templates\indexingManagement.gtmpl
22:35,02:052 INFO    [ProcessingContext]: Creating source file for name=org.exoplatform.search.portlet.indexing.management.templates.indexingManagement elements=[org.exoplatform.search.portlet.indexing.management.IndexingManagementApplication]
22:35,02:057 INFO    [AbstractEmitter]: Generated template class Path[/org/exoplatform/search/portlet/indexing/management/templates/indexingManagement.gtmpl] as file:/F:/cuong/TDT_TeamWord/MyProject/platform/extension/webapp/target/generated-sources/annotations/org/exoplatform/search/portlet/indexing/management/templates/indexingManagement.java with originating elements [org.exoplatform.search.portlet.indexing.management.IndexingManagementApplication]
22:35,02:065 INFO    [AbstractEmitter]: Generated template script /org/exoplatform/search/portlet/indexing/management/templates/indexingManagement_.groovy as file:/F:/cuong/TDT_TeamWord/MyProject/platform/extension/webapp/target/classes/org/exoplatform/search/portlet/indexing/management/templates/indexingManagement_.groovy with originating elements [org.exoplatform.search.portlet.indexing.management.IndexingManagementApplication]
22:35,02:066 INFO    [ProcessingContext]: Creating source file for name=org.exoplatform.search.portlet.indexing.management.ManagementPortlet elements=[org.exoplatform.search.portlet.indexing.management]
22:35,02:067 INFO    [MainProcessor]: Ending APT round #0
22:35,02:223 INFO    [MainProcessor]: Starting APT round #1
22:35,02:223 INFO    [MainProcessor]: Process annotations
22:35,02:224 INFO    [MainProcessor]: Post processing model
22:35,02:225 INFO    [MainProcessor]: Process events
22:35,02:225 INFO    [MainProcessor]: Post process events
22:35,02:225 INFO    [ProcessingContext]: Processing templates of ElementHandle.Package[name=org.exoplatform.search.portlet.indexing.management]
22:35,02:225 INFO    [AbstractEmitter]: Template class Path[/org/exoplatform/search/portlet/indexing/management/templates/indexingManagement.gtmpl] was found in cache
22:35,02:225 INFO    [AbstractEmitter]: Template Path[/org/exoplatform/search/portlet/indexing/management/templates/indexingManagement.gtmpl] was found in cache
22:35,02:225 INFO    [MainProcessor]: Ending APT round #1
22:35,02:307 INFO    [MainProcessor]: APT processing over
22:35,02:307 INFO    [MainProcessor]: Passivating model
22:35,02:307 INFO    [ProcessingContext]: Emitting module config
22:35,02:313 INFO    [ProcessingContext]: Passivating template resolver for ElementHandle.Package[name=org.exoplatform.search.portlet.indexing.management]
22:35,02:314 INFO    [AbstractEmitter]: Evicting cache [Path[/org/exoplatform/search/portlet/indexing/management/templates/indexingManagement.gtmpl]]
22:35,02:314 INFO    [AbstractEmitter]: Evicting cache []
22:35,02:314 INFO    [ProcessingContext]: Resolving classpath asset scripts/rest/api/VindexingManagementApi.js
22:35,02:314 INFO    [ProcessingContext]: Found cached source path disk[F:\cuong\TDT_TeamWord\MyProject\platform\extension\webapp\src\main\java] for package org.exoplatform.search.portlet.indexing.management
22:35,02:315 INFO    [ProcessingContext]: Attempt to resolve pkg=org.exoplatform.search.portlet.indexing.management.assets relativeName=scripts/rest/api/VindexingManagementApi.js from source path
22:35,02:315 INFO    [ProcessingContext]: Resolved pkg=org.exoplatform.search.portlet.indexing.management.assets relativeName=scripts/rest/api/VindexingManagementApi.js to F:\cuong\TDT_TeamWord\MyProject\platform\extension\webapp\src\main\java\org\exoplatform\search\portlet\indexing\management\assets\scripts\rest\api\VindexingManagementApi.js
22:35,02:315 INFO    [ProcessingContext]: Found asset scripts/rest/api/VindexingManagementApi.js on source path file:/F:/cuong/TDT_TeamWord/MyProject/platform/extension/webapp/src/main/java/org/exoplatform/search/portlet/indexing/management/assets/scripts/rest/api/VindexingManagementApi.js
22:35,02:316 INFO    [ProcessingContext]: Resolving classpath asset scripts/app/controller/operationController.js
22:35,02:316 INFO    [ProcessingContext]: Found cached source path disk[F:\cuong\TDT_TeamWord\MyProject\platform\extension\webapp\src\main\java] for package org.exoplatform.search.portlet.indexing.management
22:35,02:320 INFO    [ProcessingContext]: Attempt to resolve pkg=org.exoplatform.search.portlet.indexing.management.assets relativeName=scripts/app/controller/operationController.js from source path
22:35,02:321 INFO    [ProcessingContext]: Resolved pkg=org.exoplatform.search.portlet.indexing.management.assets relativeName=scripts/app/controller/operationController.js to F:\cuong\TDT_TeamWord\MyProject\platform\extension\webapp\src\main\java\org\exoplatform\search\portlet\indexing\management\assets\scripts\app\controller\operationController.js
22:35,02:321 INFO    [ProcessingContext]: Found asset scripts/app/controller/operationController.js on source path file:/F:/cuong/TDT_TeamWord/MyProject/platform/extension/webapp/src/main/java/org/exoplatform/search/portlet/indexing/management/assets/scripts/app/controller/operationController.js
22:35,02:321 INFO    [ProcessingContext]: Resolving classpath asset scripts/rest/client/ApiClient.js
22:35,02:321 INFO    [ProcessingContext]: Found cached source path disk[F:\cuong\TDT_TeamWord\MyProject\platform\extension\webapp\src\main\java] for package org.exoplatform.search.portlet.indexing.management
22:35,02:321 INFO    [ProcessingContext]: Attempt to resolve pkg=org.exoplatform.search.portlet.indexing.management.assets relativeName=scripts/rest/client/ApiClient.js from source path
22:35,02:322 INFO    [ProcessingContext]: Resolved pkg=org.exoplatform.search.portlet.indexing.management.assets relativeName=scripts/rest/client/ApiClient.js to F:\cuong\TDT_TeamWord\MyProject\platform\extension\webapp\src\main\java\org\exoplatform\search\portlet\indexing\management\assets\scripts\rest\client\ApiClient.js
22:35,02:322 INFO    [ProcessingContext]: Found asset scripts/rest/client/ApiClient.js on source path file:/F:/cuong/TDT_TeamWord/MyProject/platform/extension/webapp/src/main/java/org/exoplatform/search/portlet/indexing/management/assets/scripts/rest/client/ApiClient.js
22:35,02:322 INFO    [ProcessingContext]: Resolving classpath asset scripts/app/controller/connectorController.js
22:35,02:323 INFO    [ProcessingContext]: Found cached source path disk[F:\cuong\TDT_TeamWord\MyProject\platform\extension\webapp\src\main\java] for package org.exoplatform.search.portlet.indexing.management
22:35,02:323 INFO    [ProcessingContext]: Attempt to resolve pkg=org.exoplatform.search.portlet.indexing.management.assets relativeName=scripts/app/controller/connectorController.js from source path
22:35,02:323 INFO    [ProcessingContext]: Resolved pkg=org.exoplatform.search.portlet.indexing.management.assets relativeName=scripts/app/controller/connectorController.js to F:\cuong\TDT_TeamWord\MyProject\platform\extension\webapp\src\main\java\org\exoplatform\search\portlet\indexing\management\assets\scripts\app\controller\connectorController.js
22:35,02:323 INFO    [ProcessingContext]: Found asset scripts/app/controller/connectorController.js on source path file:/F:/cuong/TDT_TeamWord/MyProject/platform/extension/webapp/src/main/java/org/exoplatform/search/portlet/indexing/management/assets/scripts/app/controller/connectorController.js
22:35,02:324 INFO    [ProcessingContext]: Resolving classpath asset scripts/app/controller/statController.js
22:35,02:324 INFO    [ProcessingContext]: Found cached source path disk[F:\cuong\TDT_TeamWord\MyProject\platform\extension\webapp\src\main\java] for package org.exoplatform.search.portlet.indexing.management
22:35,02:324 INFO    [ProcessingContext]: Attempt to resolve pkg=org.exoplatform.search.portlet.indexing.management.assets relativeName=scripts/app/controller/statController.js from source path
22:35,02:324 INFO    [ProcessingContext]: Resolved pkg=org.exoplatform.search.portlet.indexing.management.assets relativeName=scripts/app/controller/statController.js to F:\cuong\TDT_TeamWord\MyProject\platform\extension\webapp\src\main\java\org\exoplatform\search\portlet\indexing\management\assets\scripts\app\controller\statController.js
22:35,02:325 INFO    [ProcessingContext]: Found asset scripts/app/controller/statController.js on source path file:/F:/cuong/TDT_TeamWord/MyProject/platform/extension/webapp/src/main/java/org/exoplatform/search/portlet/indexing/management/assets/scripts/app/controller/statController.js
22:35,02:325 INFO    [ProcessingContext]: Resolving classpath asset scripts/app/main.js
22:35,02:325 INFO    [ProcessingContext]: Found cached source path disk[F:\cuong\TDT_TeamWord\MyProject\platform\extension\webapp\src\main\java] for package org.exoplatform.search.portlet.indexing.management
22:35,02:325 INFO    [ProcessingContext]: Attempt to resolve pkg=org.exoplatform.search.portlet.indexing.management.assets relativeName=scripts/app/main.js from source path
22:35,02:325 INFO    [ProcessingContext]: Resolved pkg=org.exoplatform.search.portlet.indexing.management.assets relativeName=scripts/app/main.js to F:\cuong\TDT_TeamWord\MyProject\platform\extension\webapp\src\main\java\org\exoplatform\search\portlet\indexing\management\assets\scripts\app\main.js
22:35,02:326 INFO    [ProcessingContext]: Found asset scripts/app/main.js on source path file:/F:/cuong/TDT_TeamWord/MyProject/platform/extension/webapp/src/main/java/org/exoplatform/search/portlet/indexing/management/assets/scripts/app/main.js
22:35,02:326 INFO    [ProcessingContext]: Resolving classpath asset styles/indexingManagement.less
22:35,02:326 INFO    [ProcessingContext]: Found cached source path disk[F:\cuong\TDT_TeamWord\MyProject\platform\extension\webapp\src\main\java] for package org.exoplatform.search.portlet.indexing.management
22:35,02:326 INFO    [ProcessingContext]: Attempt to resolve pkg=org.exoplatform.search.portlet.indexing.management.assets relativeName=styles/indexingManagement.less from source path
22:35,02:327 INFO    [ProcessingContext]: Resolved pkg=org.exoplatform.search.portlet.indexing.management.assets relativeName=styles/indexingManagement.less to F:\cuong\TDT_TeamWord\MyProject\platform\extension\webapp\src\main\java\org\exoplatform\search\portlet\indexing\management\assets\styles\indexingManagement.less
22:35,02:327 INFO    [ProcessingContext]: Found asset styles/indexingManagement.less on source path file:/F:/cuong/TDT_TeamWord/MyProject/platform/extension/webapp/src/main/java/org/exoplatform/search/portlet/indexing/management/assets/styles/indexingManagement.less
22:35,02:327 INFO    [ProcessingContext]: Resolving classpath asset scripts/rest/model/AnIndexingConnectorResources.js
22:35,02:327 INFO    [ProcessingContext]: Found cached source path disk[F:\cuong\TDT_TeamWord\MyProject\platform\extension\webapp\src\main\java] for package org.exoplatform.search.portlet.indexing.management
22:35,02:327 INFO    [ProcessingContext]: Attempt to resolve pkg=org.exoplatform.search.portlet.indexing.management.assets relativeName=scripts/rest/model/AnIndexingConnectorResources.js from source path
22:35,02:328 INFO    [ProcessingContext]: Resolved pkg=org.exoplatform.search.portlet.indexing.management.assets relativeName=scripts/rest/model/AnIndexingConnectorResources.js to F:\cuong\TDT_TeamWord\MyProject\platform\extension\webapp\src\main\java\org\exoplatform\search\portlet\indexing\management\assets\scripts\rest\model\AnIndexingConnectorResources.js
22:35,02:328 INFO    [ProcessingContext]: Found asset scripts/rest/model/AnIndexingConnectorResources.js on source path file:/F:/cuong/TDT_TeamWord/MyProject/platform/extension/webapp/src/main/java/org/exoplatform/search/portlet/indexing/management/assets/scripts/rest/model/AnIndexingConnectorResources.js
22:35,02:328 INFO    [ProcessingContext]: Resolving classpath asset scripts/app/broadcaster.js
22:35,02:328 INFO    [ProcessingContext]: Found cached source path disk[F:\cuong\TDT_TeamWord\MyProject\platform\extension\webapp\src\main\java] for package org.exoplatform.search.portlet.indexing.management
22:35,02:328 INFO    [ProcessingContext]: Attempt to resolve pkg=org.exoplatform.search.portlet.indexing.management.assets relativeName=scripts/app/broadcaster.js from source path
22:35,02:329 INFO    [ProcessingContext]: Resolved pkg=org.exoplatform.search.portlet.indexing.management.assets relativeName=scripts/app/broadcaster.js to F:\cuong\TDT_TeamWord\MyProject\platform\extension\webapp\src\main\java\org\exoplatform\search\portlet\indexing\management\assets\scripts\app\broadcaster.js
22:35,02:329 INFO    [ProcessingContext]: Found asset scripts/app/broadcaster.js on source path file:/F:/cuong/TDT_TeamWord/MyProject/platform/extension/webapp/src/main/java/org/exoplatform/search/portlet/indexing/management/assets/scripts/app/broadcaster.js
22:35,02:329 INFO    [ProcessingContext]: Resolving classpath asset scripts/rest/model/AnIndexingOperationResource.js
22:35,02:329 INFO    [ProcessingContext]: Found cached source path disk[F:\cuong\TDT_TeamWord\MyProject\platform\extension\webapp\src\main\java] for package org.exoplatform.search.portlet.indexing.management
22:35,02:330 INFO    [ProcessingContext]: Attempt to resolve pkg=org.exoplatform.search.portlet.indexing.management.assets relativeName=scripts/rest/model/AnIndexingOperationResource.js from source path
22:35,02:330 INFO    [ProcessingContext]: Resolved pkg=org.exoplatform.search.portlet.indexing.management.assets relativeName=scripts/rest/model/AnIndexingOperationResource.js to F:\cuong\TDT_TeamWord\MyProject\platform\extension\webapp\src\main\java\org\exoplatform\search\portlet\indexing\management\assets\scripts\rest\model\AnIndexingOperationResource.js
22:35,02:330 INFO    [ProcessingContext]: Found asset scripts/rest/model/AnIndexingOperationResource.js on source path file:/F:/cuong/TDT_TeamWord/MyProject/platform/extension/webapp/src/main/java/org/exoplatform/search/portlet/indexing/management/assets/scripts/rest/model/AnIndexingOperationResource.js
22:35,02:331 FINER   [ProcessingContext]: Resolved resolved resource location=CLASS_OUTPUT pkg=org.exoplatform.search.portlet.indexing.management.assets relativeName=styles/indexingManagement.css from filer
22:35,02:331 INFO    [ProcessingContext]: Copying asset from source path file:/F:/cuong/TDT_TeamWord/MyProject/platform/extension/webapp/src/main/java/org/exoplatform/search/portlet/indexing/management/assets/styles/indexingManagement.less to class output file:/F:/cuong/TDT_TeamWord/MyProject/platform/extension/webapp/target/classes/org/exoplatform/search/portlet/indexing/management/assets/styles/indexingManagement.css
22:35,03:319 FINER   [ProcessingContext]: Resolved resolved resource location=CLASS_OUTPUT pkg=org.exoplatform.search.portlet.indexing.management.assets relativeName=scripts/rest/model/AnIndexingConnectorResources.js from filer
22:35,03:320 INFO    [ProcessingContext]: Copying asset from source path file:/F:/cuong/TDT_TeamWord/MyProject/platform/extension/webapp/src/main/java/org/exoplatform/search/portlet/indexing/management/assets/scripts/rest/model/AnIndexingConnectorResources.js to class output file:/F:/cuong/TDT_TeamWord/MyProject/platform/extension/webapp/target/classes/org/exoplatform/search/portlet/indexing/management/assets/scripts/rest/model/AnIndexingConnectorResources.js
22:35,03:331 FINER   [ProcessingContext]: Resolved resolved resource location=CLASS_OUTPUT pkg=org.exoplatform.search.portlet.indexing.management.assets relativeName=scripts/app/broadcaster.js from filer
22:35,03:332 INFO    [ProcessingContext]: Copying asset from source path file:/F:/cuong/TDT_TeamWord/MyProject/platform/extension/webapp/src/main/java/org/exoplatform/search/portlet/indexing/management/assets/scripts/app/broadcaster.js to class output file:/F:/cuong/TDT_TeamWord/MyProject/platform/extension/webapp/target/classes/org/exoplatform/search/portlet/indexing/management/assets/scripts/app/broadcaster.js
22:35,03:339 FINER   [ProcessingContext]: Resolved resolved resource location=CLASS_OUTPUT pkg=org.exoplatform.search.portlet.indexing.management.assets relativeName=scripts/rest/model/AnIndexingOperationResource.js from filer
22:35,03:340 INFO    [ProcessingContext]: Copying asset from source path file:/F:/cuong/TDT_TeamWord/MyProject/platform/extension/webapp/src/main/java/org/exoplatform/search/portlet/indexing/management/assets/scripts/rest/model/AnIndexingOperationResource.js to class output file:/F:/cuong/TDT_TeamWord/MyProject/platform/extension/webapp/target/classes/org/exoplatform/search/portlet/indexing/management/assets/scripts/rest/model/AnIndexingOperationResource.js
22:35,03:389 FINER   [ProcessingContext]: Resolved resolved resource location=CLASS_OUTPUT pkg=org.exoplatform.search.portlet.indexing.management.assets relativeName=scripts/app/main.js from filer
22:35,03:389 INFO    [ProcessingContext]: Copying asset from source path file:/F:/cuong/TDT_TeamWord/MyProject/platform/extension/webapp/src/main/java/org/exoplatform/search/portlet/indexing/management/assets/scripts/app/main.js to class output file:/F:/cuong/TDT_TeamWord/MyProject/platform/extension/webapp/target/classes/org/exoplatform/search/portlet/indexing/management/assets/scripts/app/main.js
22:35,03:397 FINER   [ProcessingContext]: Resolved resolved resource location=CLASS_OUTPUT pkg=org.exoplatform.search.portlet.indexing.management.assets relativeName=scripts/app/controller/statController.js from filer
22:35,03:397 INFO    [ProcessingContext]: Copying asset from source path file:/F:/cuong/TDT_TeamWord/MyProject/platform/extension/webapp/src/main/java/org/exoplatform/search/portlet/indexing/management/assets/scripts/app/controller/statController.js to class output file:/F:/cuong/TDT_TeamWord/MyProject/platform/extension/webapp/target/classes/org/exoplatform/search/portlet/indexing/management/assets/scripts/app/controller/statController.js
22:35,03:410 FINER   [ProcessingContext]: Resolved resolved resource location=CLASS_OUTPUT pkg=org.exoplatform.search.portlet.indexing.management.assets relativeName=scripts/rest/api/VindexingManagementApi.js from filer
22:35,03:411 INFO    [ProcessingContext]: Copying asset from source path file:/F:/cuong/TDT_TeamWord/MyProject/platform/extension/webapp/src/main/java/org/exoplatform/search/portlet/indexing/management/assets/scripts/rest/api/VindexingManagementApi.js to class output file:/F:/cuong/TDT_TeamWord/MyProject/platform/extension/webapp/target/classes/org/exoplatform/search/portlet/indexing/management/assets/scripts/rest/api/VindexingManagementApi.js
22:35,03:450 FINER   [ProcessingContext]: Resolved resolved resource location=CLASS_OUTPUT pkg=org.exoplatform.search.portlet.indexing.management.assets relativeName=scripts/app/controller/operationController.js from filer
22:35,03:451 INFO    [ProcessingContext]: Copying asset from source path file:/F:/cuong/TDT_TeamWord/MyProject/platform/extension/webapp/src/main/java/org/exoplatform/search/portlet/indexing/management/assets/scripts/app/controller/operationController.js to class output file:/F:/cuong/TDT_TeamWord/MyProject/platform/extension/webapp/target/classes/org/exoplatform/search/portlet/indexing/management/assets/scripts/app/controller/operationController.js
22:35,03:485 FINER   [ProcessingContext]: Resolved resolved resource location=CLASS_OUTPUT pkg=org.exoplatform.search.portlet.indexing.management.assets relativeName=scripts/rest/client/ApiClient.js from filer
22:35,03:485 INFO    [ProcessingContext]: Copying asset from source path file:/F:/cuong/TDT_TeamWord/MyProject/platform/extension/webapp/src/main/java/org/exoplatform/search/portlet/indexing/management/assets/scripts/rest/client/ApiClient.js to class output file:/F:/cuong/TDT_TeamWord/MyProject/platform/extension/webapp/target/classes/org/exoplatform/search/portlet/indexing/management/assets/scripts/rest/client/ApiClient.js
22:35,03:494 FINER   [ProcessingContext]: Resolved resolved resource location=CLASS_OUTPUT pkg=org.exoplatform.search.portlet.indexing.management.assets relativeName=scripts/app/controller/connectorController.js from filer
22:35,03:495 INFO    [ProcessingContext]: Copying asset from source path file:/F:/cuong/TDT_TeamWord/MyProject/platform/extension/webapp/src/main/java/org/exoplatform/search/portlet/indexing/management/assets/scripts/app/controller/connectorController.js to class output file:/F:/cuong/TDT_TeamWord/MyProject/platform/extension/webapp/target/classes/org/exoplatform/search/portlet/indexing/management/assets/scripts/app/controller/connectorController.js
22:35,03:517 INFO    [ProcessingContext]: Passivating templates
22:35,03:517 INFO    [ProcessingContext]: Emitting application ElementHandle.Package[name=org.exoplatform.search.portlet.indexing.management] config
